Base path: /Applications/Unity/Unity.app/Contents
Pipe name: \\.\pipe\UnityShaderCompiler-1--1407059416
Cmd: getPlatforms
Cmd: preprocess
  insize=2706 outsize=769 ok=1
Cmd: compileSnippet
  api=0 type=0 insize=2236 outsize=936 kw= ok=1
Cmd: compileSnippet
  api=0 type=1 insize=2236 outsize=84 kw= ok=1
Cmd: preprocess
  insize=2700 outsize=769 ok=1
Cmd: compileSnippet
  api=0 type=0 insize=2230 outsize=900 kw= ok=1
Cmd: compileSnippet
  api=0 type=1 insize=2230 outsize=84 kw= ok=1
Cmd: preprocess
  insize=2702 outsize=769 ok=1
Cmd: compileSnippet
  api=0 type=0 insize=2232 outsize=871 kw= ok=1
Cmd: compileSnippet
  api=0 type=1 insize=2232 outsize=84 kw= ok=1
